2024-06-13T15:58:47.272+02:00  INFO 14480 --- [distributedsystem] [main] c.h.d.DistributedsystemApplicationTests  : Starting DistributedsystemApplicationTests using Java 17.0.11 with PID 14480 (started by Frank in C:\Users\Siret\frank\projects\hs\distributedsystem\distributedsystem)
2024-06-13T15:58:47.276+02:00  INFO 14480 --- [distributedsystem] [main] c.h.d.DistributedsystemApplicationTests  : No active profile set, falling back to 1 default profile: "default"
2024-06-13T15:58:48.376+02:00  INFO 14480 --- [distributedsystem] [main] .s.d.r.c.RepositoryConfigurationDelegate : Bootstrapping Spring Data JPA repositories in DEFAULT mode.
2024-06-13T15:58:48.463+02:00  INFO 14480 --- [distributedsystem] [main] .s.d.r.c.RepositoryConfigurationDelegate : Finished Spring Data repository scanning in 75 ms. Found 2 JPA repository interfaces.
2024-06-13T15:58:49.332+02:00  INFO 14480 --- [distributedsystem] [main] o.hibernate.jpa.internal.util.LogHelper  : HHH000204: Processing PersistenceUnitInfo [name: default]
2024-06-13T15:58:49.456+02:00  INFO 14480 --- [distributedsystem] [main] org.hibernate.Version                    : HHH000412: Hibernate ORM core version 6.5.2.Final
2024-06-13T15:58:49.502+02:00  INFO 14480 --- [distributedsystem] [main] o.h.c.internal.RegionFactoryInitiator    : HHH000026: Second-level cache disabled
2024-06-13T15:58:49.955+02:00  INFO 14480 --- [distributedsystem] [main] o.s.o.j.p.SpringPersistenceUnitInfo      : No LoadTimeWeaver setup: ignoring JPA class transformer
2024-06-13T15:58:49.991+02:00  INFO 14480 --- [distributedsystem] [main] com.zaxxer.hikari.HikariDataSource       : HikariPool-1 - Starting...
2024-06-13T15:58:50.196+02:00  INFO 14480 --- [distributedsystem] [main] com.zaxxer.hikari.pool.HikariPool        : HikariPool-1 - Added connection org.postgresql.jdbc.PgConnection@6c1e40d9
2024-06-13T15:58:50.199+02:00  INFO 14480 --- [distributedsystem] [main] com.zaxxer.hikari.HikariDataSource       : HikariPool-1 - Start completed.
2024-06-13T15:58:50.242+02:00  WARN 14480 --- [distributedsystem] [main] org.hibernate.orm.deprecation            : HHH90000025: PostgreSQLDialect does not need to be specified explicitly using 'hibernate.dialect' (remove the property setting and it will be selected by default)
2024-06-13T15:58:51.292+02:00  INFO 14480 --- [distributedsystem] [main] o.h.e.t.j.p.i.JtaPlatformInitiator       : HHH000489: No JTA platform available (set 'hibernate.transaction.jta.platform' to enable JTA platform integration)
2024-06-13T15:58:51.379+02:00  INFO 14480 --- [distributedsystem] [main] j.LocalContainerEntityManagerFactoryBean : Initialized JPA EntityManagerFactory for persistence unit 'default'
2024-06-13T15:58:52.524+02:00  WARN 14480 --- [distributedsystem] [main] JpaBaseConfiguration$JpaWebConfiguration : spring.jpa.open-in-view is enabled by default. Therefore, database queries may be performed during view rendering. Explicitly configure spring.jpa.open-in-view to disable this warning
2024-06-13T15:58:54.479+02:00  INFO 14480 --- [distributedsystem] [main] o.s.b.a.e.web.EndpointLinksResolver      : Exposing 1 endpoint beneath base path '/actuator'
2024-06-13T15:58:54.771+02:00  INFO 14480 --- [distributedsystem] [main] c.h.d.DistributedsystemApplicationTests  : Started DistributedsystemApplicationTests in 7.846 seconds (process running for 9.472)
2024-06-13T15:58:55.600+02:00  INFO 14480 --- [distributedsystem] [SpringApplicationShutdownHook] j.LocalContainerEntityManagerFactoryBean : Closing JPA EntityManagerFactory for persistence unit 'default'
2024-06-13T15:58:55.606+02:00  INFO 14480 --- [distributedsystem] [SpringApplicationShutdownHook] com.zaxxer.hikari.HikariDataSource       : HikariPool-1 - Shutdown initiated...
2024-06-13T15:58:55.624+02:00  INFO 14480 --- [distributedsystem] [SpringApplicationShutdownHook] com.zaxxer.hikari.HikariDataSource       : HikariPool-1 - Shutdown completed.
2024-06-13T17:27:45.494+02:00  INFO 25484 --- [distributedsystem] [main] c.h.d.DistributedsystemApplicationTests  : Starting DistributedsystemApplicationTests using Java 17.0.11 with PID 25484 (started by Frank in C:\Users\Siret\frank\projects\hs\distributedsystem\distributedsystem)
2024-06-13T17:27:45.494+02:00  INFO 25484 --- [distributedsystem] [main] c.h.d.DistributedsystemApplicationTests  : No active profile set, falling back to 1 default profile: "default"
2024-06-13T17:27:46.961+02:00  INFO 25484 --- [distributedsystem] [main] .s.d.r.c.RepositoryConfigurationDelegate : Bootstrapping Spring Data JPA repositories in DEFAULT mode.
2024-06-13T17:27:47.062+02:00  INFO 25484 --- [distributedsystem] [main] .s.d.r.c.RepositoryConfigurationDelegate : Finished Spring Data repository scanning in 85 ms. Found 2 JPA repository interfaces.
2024-06-13T17:27:48.123+02:00  INFO 25484 --- [distributedsystem] [main] o.hibernate.jpa.internal.util.LogHelper  : HHH000204: Processing PersistenceUnitInfo [name: default]
2024-06-13T17:27:48.249+02:00  INFO 25484 --- [distributedsystem] [main] org.hibernate.Version                    : HHH000412: Hibernate ORM core version 6.5.2.Final
2024-06-13T17:27:48.328+02:00  INFO 25484 --- [distributedsystem] [main] o.h.c.internal.RegionFactoryInitiator    : HHH000026: Second-level cache disabled
2024-06-13T17:27:48.927+02:00  INFO 25484 --- [distributedsystem] [main] o.s.o.j.p.SpringPersistenceUnitInfo      : No LoadTimeWeaver setup: ignoring JPA class transformer
2024-06-13T17:27:48.975+02:00  INFO 25484 --- [distributedsystem] [main] com.zaxxer.hikari.HikariDataSource       : HikariPool-1 - Starting...
2024-06-13T17:27:49.244+02:00  INFO 25484 --- [distributedsystem] [main] com.zaxxer.hikari.pool.HikariPool        : HikariPool-1 - Added connection org.postgresql.jdbc.PgConnection@77204651
2024-06-13T17:27:49.244+02:00  INFO 25484 --- [distributedsystem] [main] com.zaxxer.hikari.HikariDataSource       : HikariPool-1 - Start completed.
2024-06-13T17:27:49.301+02:00  WARN 25484 --- [distributedsystem] [main] org.hibernate.orm.deprecation            : HHH90000025: PostgreSQLDialect does not need to be specified explicitly using 'hibernate.dialect' (remove the property setting and it will be selected by default)
2024-06-13T17:27:50.673+02:00  INFO 25484 --- [distributedsystem] [main] o.h.e.t.j.p.i.JtaPlatformInitiator       : HHH000489: No JTA platform available (set 'hibernate.transaction.jta.platform' to enable JTA platform integration)
2024-06-13T17:27:50.752+02:00  INFO 25484 --- [distributedsystem] [main] j.LocalContainerEntityManagerFactoryBean : Initialized JPA EntityManagerFactory for persistence unit 'default'
2024-06-13T17:27:52.457+02:00  WARN 25484 --- [distributedsystem] [main] JpaBaseConfiguration$JpaWebConfiguration : spring.jpa.open-in-view is enabled by default. Therefore, database queries may be performed during view rendering. Explicitly configure spring.jpa.open-in-view to disable this warning
2024-06-13T17:27:55.110+02:00  INFO 25484 --- [distributedsystem] [main] o.s.b.a.e.web.EndpointLinksResolver      : Exposing 1 endpoint beneath base path '/actuator'
2024-06-13T17:27:55.331+02:00  INFO 25484 --- [distributedsystem] [main] c.h.d.DistributedsystemApplicationTests  : Started DistributedsystemApplicationTests in 10.289 seconds (process running for 11.72)
2024-06-13T17:27:56.087+02:00  INFO 25484 --- [distributedsystem] [SpringApplicationShutdownHook] j.LocalContainerEntityManagerFactoryBean : Closing JPA EntityManagerFactory for persistence unit 'default'
2024-06-13T17:27:56.103+02:00  INFO 25484 --- [distributedsystem] [SpringApplicationShutdownHook] com.zaxxer.hikari.HikariDataSource       : HikariPool-1 - Shutdown initiated...
2024-06-13T17:27:56.103+02:00  INFO 25484 --- [distributedsystem] [SpringApplicationShutdownHook] com.zaxxer.hikari.HikariDataSource       : HikariPool-1 - Shutdown completed.
2024-06-13T17:31:50.165+02:00  INFO 25396 --- [distributedsystem] [main] c.h.d.DistributedsystemApplicationTests  : Starting DistributedsystemApplicationTests using Java 17.0.11 with PID 25396 (started by Frank in C:\Users\Siret\frank\projects\hs\distributedsystem\distributedsystem)
2024-06-13T17:31:50.167+02:00  INFO 25396 --- [distributedsystem] [main] c.h.d.DistributedsystemApplicationTests  : No active profile set, falling back to 1 default profile: "default"
2024-06-13T17:31:51.629+02:00  INFO 25396 --- [distributedsystem] [main] .s.d.r.c.RepositoryConfigurationDelegate : Bootstrapping Spring Data JPA repositories in DEFAULT mode.
2024-06-13T17:31:51.734+02:00  INFO 25396 --- [distributedsystem] [main] .s.d.r.c.RepositoryConfigurationDelegate : Finished Spring Data repository scanning in 92 ms. Found 2 JPA repository interfaces.
2024-06-13T17:31:52.889+02:00  INFO 25396 --- [distributedsystem] [main] o.hibernate.jpa.internal.util.LogHelper  : HHH000204: Processing PersistenceUnitInfo [name: default]
2024-06-13T17:31:53.028+02:00  INFO 25396 --- [distributedsystem] [main] org.hibernate.Version                    : HHH000412: Hibernate ORM core version 6.5.2.Final
2024-06-13T17:31:53.100+02:00  INFO 25396 --- [distributedsystem] [main] o.h.c.internal.RegionFactoryInitiator    : HHH000026: Second-level cache disabled
2024-06-13T17:31:53.724+02:00  INFO 25396 --- [distributedsystem] [main] o.s.o.j.p.SpringPersistenceUnitInfo      : No LoadTimeWeaver setup: ignoring JPA class transformer
2024-06-13T17:31:53.769+02:00  INFO 25396 --- [distributedsystem] [main] com.zaxxer.hikari.HikariDataSource       : HikariPool-1 - Starting...
2024-06-13T17:31:54.042+02:00  INFO 25396 --- [distributedsystem] [main] com.zaxxer.hikari.pool.HikariPool        : HikariPool-1 - Added connection org.postgresql.jdbc.PgConnection@11295cb1
2024-06-13T17:31:54.046+02:00  INFO 25396 --- [distributedsystem] [main] com.zaxxer.hikari.HikariDataSource       : HikariPool-1 - Start completed.
2024-06-13T17:31:54.097+02:00  WARN 25396 --- [distributedsystem] [main] org.hibernate.orm.deprecation            : HHH90000025: PostgreSQLDialect does not need to be specified explicitly using 'hibernate.dialect' (remove the property setting and it will be selected by default)
2024-06-13T17:31:55.378+02:00  INFO 25396 --- [distributedsystem] [main] o.h.e.t.j.p.i.JtaPlatformInitiator       : HHH000489: No JTA platform available (set 'hibernate.transaction.jta.platform' to enable JTA platform integration)
2024-06-13T17:31:55.461+02:00  INFO 25396 --- [distributedsystem] [main] j.LocalContainerEntityManagerFactoryBean : Initialized JPA EntityManagerFactory for persistence unit 'default'
2024-06-13T17:31:57.133+02:00  WARN 25396 --- [distributedsystem] [main] JpaBaseConfiguration$JpaWebConfiguration : spring.jpa.open-in-view is enabled by default. Therefore, database queries may be performed during view rendering. Explicitly configure spring.jpa.open-in-view to disable this warning
2024-06-13T17:31:59.653+02:00  INFO 25396 --- [distributedsystem] [main] o.s.b.a.e.web.EndpointLinksResolver      : Exposing 1 endpoint beneath base path '/actuator'
2024-06-13T17:31:59.885+02:00  INFO 25396 --- [distributedsystem] [main] c.h.d.DistributedsystemApplicationTests  : Started DistributedsystemApplicationTests in 10.151 seconds (process running for 11.608)
2024-06-13T17:32:00.768+02:00  INFO 25396 --- [distributedsystem] [SpringApplicationShutdownHook] j.LocalContainerEntityManagerFactoryBean : Closing JPA EntityManagerFactory for persistence unit 'default'
2024-06-13T17:32:00.772+02:00  INFO 25396 --- [distributedsystem] [SpringApplicationShutdownHook] com.zaxxer.hikari.HikariDataSource       : HikariPool-1 - Shutdown initiated...
2024-06-13T17:32:00.795+02:00  INFO 25396 --- [distributedsystem] [SpringApplicationShutdownHook] com.zaxxer.hikari.HikariDataSource       : HikariPool-1 - Shutdown completed.
2024-06-13T17:34:06.719+02:00  INFO 7500 --- [distributedsystem] [main] c.h.d.DistributedsystemApplicationTests  : Starting DistributedsystemApplicationTests using Java 17.0.11 with PID 7500 (started by Frank in C:\Users\Siret\frank\projects\hs\distributedsystem\distributedsystem)
2024-06-13T17:34:06.721+02:00  INFO 7500 --- [distributedsystem] [main] c.h.d.DistributedsystemApplicationTests  : No active profile set, falling back to 1 default profile: "default"
2024-06-13T17:34:08.196+02:00  INFO 7500 --- [distributedsystem] [main] .s.d.r.c.RepositoryConfigurationDelegate : Bootstrapping Spring Data JPA repositories in DEFAULT mode.
2024-06-13T17:34:08.301+02:00  INFO 7500 --- [distributedsystem] [main] .s.d.r.c.RepositoryConfigurationDelegate : Finished Spring Data repository scanning in 89 ms. Found 2 JPA repository interfaces.
2024-06-13T17:34:09.355+02:00  INFO 7500 --- [distributedsystem] [main] o.hibernate.jpa.internal.util.LogHelper  : HHH000204: Processing PersistenceUnitInfo [name: default]
2024-06-13T17:34:09.495+02:00  INFO 7500 --- [distributedsystem] [main] org.hibernate.Version                    : HHH000412: Hibernate ORM core version 6.5.2.Final
2024-06-13T17:34:09.588+02:00  INFO 7500 --- [distributedsystem] [main] o.h.c.internal.RegionFactoryInitiator    : HHH000026: Second-level cache disabled
2024-06-13T17:34:10.223+02:00  INFO 7500 --- [distributedsystem] [main] o.s.o.j.p.SpringPersistenceUnitInfo      : No LoadTimeWeaver setup: ignoring JPA class transformer
2024-06-13T17:34:10.275+02:00  INFO 7500 --- [distributedsystem] [main] com.zaxxer.hikari.HikariDataSource       : HikariPool-1 - Starting...
2024-06-13T17:34:10.580+02:00  INFO 7500 --- [distributedsystem] [main] com.zaxxer.hikari.pool.HikariPool        : HikariPool-1 - Added connection org.postgresql.jdbc.PgConnection@5daad59a
2024-06-13T17:34:10.583+02:00  INFO 7500 --- [distributedsystem] [main] com.zaxxer.hikari.HikariDataSource       : HikariPool-1 - Start completed.
2024-06-13T17:34:10.631+02:00  WARN 7500 --- [distributedsystem] [main] org.hibernate.orm.deprecation            : HHH90000025: PostgreSQLDialect does not need to be specified explicitly using 'hibernate.dialect' (remove the property setting and it will be selected by default)
2024-06-13T17:34:11.965+02:00  INFO 7500 --- [distributedsystem] [main] o.h.e.t.j.p.i.JtaPlatformInitiator       : HHH000489: No JTA platform available (set 'hibernate.transaction.jta.platform' to enable JTA platform integration)
2024-06-13T17:34:12.067+02:00  INFO 7500 --- [distributedsystem] [main] j.LocalContainerEntityManagerFactoryBean : Initialized JPA EntityManagerFactory for persistence unit 'default'
2024-06-13T17:34:13.574+02:00  WARN 7500 --- [distributedsystem] [main] JpaBaseConfiguration$JpaWebConfiguration : spring.jpa.open-in-view is enabled by default. Therefore, database queries may be performed during view rendering. Explicitly configure spring.jpa.open-in-view to disable this warning
2024-06-13T17:34:16.427+02:00  INFO 7500 --- [distributedsystem] [main] o.s.b.a.e.web.EndpointLinksResolver      : Exposing 1 endpoint beneath base path '/actuator'
2024-06-13T17:34:16.633+02:00  INFO 7500 --- [distributedsystem] [main] c.h.d.DistributedsystemApplicationTests  : Started DistributedsystemApplicationTests in 10.347 seconds (process running for 11.949)
2024-06-13T17:34:17.437+02:00  INFO 7500 --- [distributedsystem] [SpringApplicationShutdownHook] j.LocalContainerEntityManagerFactoryBean : Closing JPA EntityManagerFactory for persistence unit 'default'
2024-06-13T17:34:17.443+02:00  INFO 7500 --- [distributedsystem] [SpringApplicationShutdownHook] com.zaxxer.hikari.HikariDataSource       : HikariPool-1 - Shutdown initiated...
2024-06-13T17:34:17.455+02:00  INFO 7500 --- [distributedsystem] [SpringApplicationShutdownHook] com.zaxxer.hikari.HikariDataSource       : HikariPool-1 - Shutdown completed.
2024-06-13T17:50:19.960+02:00  INFO 22356 --- [distributedsystem] [main] c.h.d.DistributedsystemApplicationTests  : Starting DistributedsystemApplicationTests using Java 17.0.11 with PID 22356 (started by Frank in C:\Users\Siret\frank\projects\hs\distributedsystem\distributedsystem)
2024-06-13T17:50:19.960+02:00  INFO 22356 --- [distributedsystem] [main] c.h.d.DistributedsystemApplicationTests  : No active profile set, falling back to 1 default profile: "default"
2024-06-13T17:50:21.472+02:00  INFO 22356 --- [distributedsystem] [main] .s.d.r.c.RepositoryConfigurationDelegate : Bootstrapping Spring Data JPA repositories in DEFAULT mode.
2024-06-13T17:50:21.576+02:00  INFO 22356 --- [distributedsystem] [main] .s.d.r.c.RepositoryConfigurationDelegate : Finished Spring Data repository scanning in 88 ms. Found 2 JPA repository interfaces.
2024-06-13T17:50:22.715+02:00  INFO 22356 --- [distributedsystem] [main] o.hibernate.jpa.internal.util.LogHelper  : HHH000204: Processing PersistenceUnitInfo [name: default]
2024-06-13T17:50:22.856+02:00  INFO 22356 --- [distributedsystem] [main] org.hibernate.Version                    : HHH000412: Hibernate ORM core version 6.5.2.Final
2024-06-13T17:50:22.928+02:00  INFO 22356 --- [distributedsystem] [main] o.h.c.internal.RegionFactoryInitiator    : HHH000026: Second-level cache disabled
2024-06-13T17:50:23.528+02:00  INFO 22356 --- [distributedsystem] [main] o.s.o.j.p.SpringPersistenceUnitInfo      : No LoadTimeWeaver setup: ignoring JPA class transformer
2024-06-13T17:50:23.561+02:00  INFO 22356 --- [distributedsystem] [main] com.zaxxer.hikari.HikariDataSource       : HikariPool-1 - Starting...
2024-06-13T17:50:23.830+02:00  INFO 22356 --- [distributedsystem] [main] com.zaxxer.hikari.pool.HikariPool        : HikariPool-1 - Added connection org.postgresql.jdbc.PgConnection@11295cb1
2024-06-13T17:50:23.830+02:00  INFO 22356 --- [distributedsystem] [main] com.zaxxer.hikari.HikariDataSource       : HikariPool-1 - Start completed.
2024-06-13T17:50:23.881+02:00  WARN 22356 --- [distributedsystem] [main] org.hibernate.orm.deprecation            : HHH90000025: PostgreSQLDialect does not need to be specified explicitly using 'hibernate.dialect' (remove the property setting and it will be selected by default)
2024-06-13T17:50:25.133+02:00  INFO 22356 --- [distributedsystem] [main] o.h.e.t.j.p.i.JtaPlatformInitiator       : HHH000489: No JTA platform available (set 'hibernate.transaction.jta.platform' to enable JTA platform integration)
2024-06-13T17:50:25.232+02:00  INFO 22356 --- [distributedsystem] [main] j.LocalContainerEntityManagerFactoryBean : Initialized JPA EntityManagerFactory for persistence unit 'default'
2024-06-13T17:50:26.798+02:00  WARN 22356 --- [distributedsystem] [main] JpaBaseConfiguration$JpaWebConfiguration : spring.jpa.open-in-view is enabled by default. Therefore, database queries may be performed during view rendering. Explicitly configure spring.jpa.open-in-view to disable this warning
2024-06-13T17:50:29.415+02:00  INFO 22356 --- [distributedsystem] [main] o.s.b.a.e.web.EndpointLinksResolver      : Exposing 1 endpoint beneath base path '/actuator'
2024-06-13T17:50:29.626+02:00  INFO 22356 --- [distributedsystem] [main] c.h.d.DistributedsystemApplicationTests  : Started DistributedsystemApplicationTests in 10.103 seconds (process running for 11.534)
2024-06-13T17:50:30.479+02:00  INFO 22356 --- [distributedsystem] [SpringApplicationShutdownHook] j.LocalContainerEntityManagerFactoryBean : Closing JPA EntityManagerFactory for persistence unit 'default'
2024-06-13T17:50:30.479+02:00  INFO 22356 --- [distributedsystem] [SpringApplicationShutdownHook] com.zaxxer.hikari.HikariDataSource       : HikariPool-1 - Shutdown initiated...
2024-06-13T17:50:30.507+02:00  INFO 22356 --- [distributedsystem] [SpringApplicationShutdownHook] com.zaxxer.hikari.HikariDataSource       : HikariPool-1 - Shutdown completed.
2024-06-13T18:00:44.167+02:00  INFO 13300 --- [distributedsystem] [main] c.h.d.DistributedsystemApplicationTests  : Starting DistributedsystemApplicationTests using Java 17.0.11 with PID 13300 (started by Frank in C:\Users\Siret\frank\projects\hs\distributedsystem\distributedsystem)
2024-06-13T18:00:44.175+02:00  INFO 13300 --- [distributedsystem] [main] c.h.d.DistributedsystemApplicationTests  : No active profile set, falling back to 1 default profile: "default"
2024-06-13T18:00:45.604+02:00  INFO 13300 --- [distributedsystem] [main] .s.d.r.c.RepositoryConfigurationDelegate : Bootstrapping Spring Data JPA repositories in DEFAULT mode.
2024-06-13T18:00:45.704+02:00  INFO 13300 --- [distributedsystem] [main] .s.d.r.c.RepositoryConfigurationDelegate : Finished Spring Data repository scanning in 90 ms. Found 2 JPA repository interfaces.
2024-06-13T18:00:46.895+02:00  INFO 13300 --- [distributedsystem] [main] o.hibernate.jpa.internal.util.LogHelper  : HHH000204: Processing PersistenceUnitInfo [name: default]
2024-06-13T18:00:47.023+02:00  INFO 13300 --- [distributedsystem] [main] org.hibernate.Version                    : HHH000412: Hibernate ORM core version 6.5.2.Final
2024-06-13T18:00:47.080+02:00  INFO 13300 --- [distributedsystem] [main] o.h.c.internal.RegionFactoryInitiator    : HHH000026: Second-level cache disabled
2024-06-13T18:00:47.707+02:00  INFO 13300 --- [distributedsystem] [main] o.s.o.j.p.SpringPersistenceUnitInfo      : No LoadTimeWeaver setup: ignoring JPA class transformer
2024-06-13T18:00:47.758+02:00  INFO 13300 --- [distributedsystem] [main] com.zaxxer.hikari.HikariDataSource       : HikariPool-1 - Starting...
2024-06-13T18:00:48.045+02:00  INFO 13300 --- [distributedsystem] [main] com.zaxxer.hikari.pool.HikariPool        : HikariPool-1 - Added connection org.postgresql.jdbc.PgConnection@552bee2f
2024-06-13T18:00:48.053+02:00  INFO 13300 --- [distributedsystem] [main] com.zaxxer.hikari.HikariDataSource       : HikariPool-1 - Start completed.
2024-06-13T18:00:48.110+02:00  WARN 13300 --- [distributedsystem] [main] org.hibernate.orm.deprecation            : HHH90000025: PostgreSQLDialect does not need to be specified explicitly using 'hibernate.dialect' (remove the property setting and it will be selected by default)
2024-06-13T18:00:49.509+02:00  INFO 13300 --- [distributedsystem] [main] o.h.e.t.j.p.i.JtaPlatformInitiator       : HHH000489: No JTA platform available (set 'hibernate.transaction.jta.platform' to enable JTA platform integration)
2024-06-13T18:00:49.607+02:00  INFO 13300 --- [distributedsystem] [main] j.LocalContainerEntityManagerFactoryBean : Initialized JPA EntityManagerFactory for persistence unit 'default'
2024-06-13T18:00:51.096+02:00  WARN 13300 --- [distributedsystem] [main] JpaBaseConfiguration$JpaWebConfiguration : spring.jpa.open-in-view is enabled by default. Therefore, database queries may be performed during view rendering. Explicitly configure spring.jpa.open-in-view to disable this warning
2024-06-13T18:00:53.671+02:00  INFO 13300 --- [distributedsystem] [main] o.s.b.a.e.web.EndpointLinksResolver      : Exposing 1 endpoint beneath base path '/actuator'
2024-06-13T18:00:53.902+02:00  INFO 13300 --- [distributedsystem] [main] c.h.d.DistributedsystemApplicationTests  : Started DistributedsystemApplicationTests in 10.178 seconds (process running for 11.653)
2024-06-13T18:00:54.794+02:00  INFO 13300 --- [distributedsystem] [SpringApplicationShutdownHook] j.LocalContainerEntityManagerFactoryBean : Closing JPA EntityManagerFactory for persistence unit 'default'
2024-06-13T18:00:54.807+02:00  INFO 13300 --- [distributedsystem] [SpringApplicationShutdownHook] com.zaxxer.hikari.HikariDataSource       : HikariPool-1 - Shutdown initiated...
2024-06-13T18:00:54.833+02:00  INFO 13300 --- [distributedsystem] [SpringApplicationShutdownHook] com.zaxxer.hikari.HikariDataSource       : HikariPool-1 - Shutdown completed.
2024-06-13T18:01:52.863+02:00  INFO 3152 --- [distributedsystem] [main] c.h.d.DistributedsystemApplicationTests  : Starting DistributedsystemApplicationTests using Java 17.0.11 with PID 3152 (started by Frank in C:\Users\Siret\frank\projects\hs\distributedsystem\distributedsystem)
2024-06-13T18:01:52.863+02:00  INFO 3152 --- [distributedsystem] [main] c.h.d.DistributedsystemApplicationTests  : No active profile set, falling back to 1 default profile: "default"
2024-06-13T18:01:54.380+02:00  INFO 3152 --- [distributedsystem] [main] .s.d.r.c.RepositoryConfigurationDelegate : Bootstrapping Spring Data JPA repositories in DEFAULT mode.
2024-06-13T18:01:54.491+02:00  INFO 3152 --- [distributedsystem] [main] .s.d.r.c.RepositoryConfigurationDelegate : Finished Spring Data repository scanning in 92 ms. Found 2 JPA repository interfaces.
2024-06-13T18:01:55.711+02:00  INFO 3152 --- [distributedsystem] [main] o.hibernate.jpa.internal.util.LogHelper  : HHH000204: Processing PersistenceUnitInfo [name: default]
2024-06-13T18:01:55.861+02:00  INFO 3152 --- [distributedsystem] [main] org.hibernate.Version                    : HHH000412: Hibernate ORM core version 6.5.2.Final
2024-06-13T18:01:55.947+02:00  INFO 3152 --- [distributedsystem] [main] o.h.c.internal.RegionFactoryInitiator    : HHH000026: Second-level cache disabled
2024-06-13T18:01:56.519+02:00  INFO 3152 --- [distributedsystem] [main] o.s.o.j.p.SpringPersistenceUnitInfo      : No LoadTimeWeaver setup: ignoring JPA class transformer
2024-06-13T18:01:56.567+02:00  INFO 3152 --- [distributedsystem] [main] com.zaxxer.hikari.HikariDataSource       : HikariPool-1 - Starting...
2024-06-13T18:01:56.840+02:00  INFO 3152 --- [distributedsystem] [main] com.zaxxer.hikari.pool.HikariPool        : HikariPool-1 - Added connection org.postgresql.jdbc.PgConnection@35fb3209
2024-06-13T18:01:56.859+02:00  INFO 3152 --- [distributedsystem] [main] com.zaxxer.hikari.HikariDataSource       : HikariPool-1 - Start completed.
2024-06-13T18:01:56.913+02:00  WARN 3152 --- [distributedsystem] [main] org.hibernate.orm.deprecation            : HHH90000025: PostgreSQLDialect does not need to be specified explicitly using 'hibernate.dialect' (remove the property setting and it will be selected by default)
2024-06-13T18:01:58.273+02:00  INFO 3152 --- [distributedsystem] [main] o.h.e.t.j.p.i.JtaPlatformInitiator       : HHH000489: No JTA platform available (set 'hibernate.transaction.jta.platform' to enable JTA platform integration)
2024-06-13T18:01:58.384+02:00  INFO 3152 --- [distributedsystem] [main] j.LocalContainerEntityManagerFactoryBean : Initialized JPA EntityManagerFactory for persistence unit 'default'
2024-06-13T18:01:59.997+02:00  WARN 3152 --- [distributedsystem] [main] JpaBaseConfiguration$JpaWebConfiguration : spring.jpa.open-in-view is enabled by default. Therefore, database queries may be performed during view rendering. Explicitly configure spring.jpa.open-in-view to disable this warning
2024-06-13T18:02:02.594+02:00  INFO 3152 --- [distributedsystem] [main] o.s.b.a.e.web.EndpointLinksResolver      : Exposing 1 endpoint beneath base path '/actuator'
2024-06-13T18:02:02.813+02:00  INFO 3152 --- [distributedsystem] [main] c.h.d.DistributedsystemApplicationTests  : Started DistributedsystemApplicationTests in 10.404 seconds (process running for 11.882)
2024-06-13T18:02:02.829+02:00  INFO 3152 --- [distributedsystem] [SpringApplicationShutdownHook] j.LocalContainerEntityManagerFactoryBean : Closing JPA EntityManagerFactory for persistence unit 'default'
2024-06-13T18:02:02.829+02:00  INFO 3152 --- [distributedsystem] [SpringApplicationShutdownHook] com.zaxxer.hikari.HikariDataSource       : HikariPool-1 - Shutdown initiated...
2024-06-13T18:02:02.850+02:00  INFO 3152 --- [distributedsystem] [SpringApplicationShutdownHook] com.zaxxer.hikari.HikariDataSource       : HikariPool-1 - Shutdown completed.
2024-06-13T18:02:19.130+02:00  INFO 11108 --- [distributedsystem] [main] c.h.d.DistributedsystemApplicationTests  : Starting DistributedsystemApplicationTests using Java 17.0.11 with PID 11108 (started by Frank in C:\Users\Siret\frank\projects\hs\distributedsystem\distributedsystem)
2024-06-13T18:02:19.146+02:00  INFO 11108 --- [distributedsystem] [main] c.h.d.DistributedsystemApplicationTests  : No active profile set, falling back to 1 default profile: "default"
2024-06-13T18:02:20.589+02:00  INFO 11108 --- [distributedsystem] [main] .s.d.r.c.RepositoryConfigurationDelegate : Bootstrapping Spring Data JPA repositories in DEFAULT mode.
2024-06-13T18:02:20.702+02:00  INFO 11108 --- [distributedsystem] [main] .s.d.r.c.RepositoryConfigurationDelegate : Finished Spring Data repository scanning in 86 ms. Found 2 JPA repository interfaces.
2024-06-13T18:02:22.018+02:00  INFO 11108 --- [distributedsystem] [main] o.hibernate.jpa.internal.util.LogHelper  : HHH000204: Processing PersistenceUnitInfo [name: default]
2024-06-13T18:02:22.180+02:00  INFO 11108 --- [distributedsystem] [main] org.hibernate.Version                    : HHH000412: Hibernate ORM core version 6.5.2.Final
2024-06-13T18:02:22.253+02:00  INFO 11108 --- [distributedsystem] [main] o.h.c.internal.RegionFactoryInitiator    : HHH000026: Second-level cache disabled
2024-06-13T18:02:22.893+02:00  INFO 11108 --- [distributedsystem] [main] o.s.o.j.p.SpringPersistenceUnitInfo      : No LoadTimeWeaver setup: ignoring JPA class transformer
2024-06-13T18:02:22.941+02:00  INFO 11108 --- [distributedsystem] [main] com.zaxxer.hikari.HikariDataSource       : HikariPool-1 - Starting...
2024-06-13T18:02:23.197+02:00  INFO 11108 --- [distributedsystem] [main] com.zaxxer.hikari.pool.HikariPool        : HikariPool-1 - Added connection org.postgresql.jdbc.PgConnection@35fb3209
2024-06-13T18:02:23.213+02:00  INFO 11108 --- [distributedsystem] [main] com.zaxxer.hikari.HikariDataSource       : HikariPool-1 - Start completed.
2024-06-13T18:02:23.261+02:00  WARN 11108 --- [distributedsystem] [main] org.hibernate.orm.deprecation            : HHH90000025: PostgreSQLDialect does not need to be specified explicitly using 'hibernate.dialect' (remove the property setting and it will be selected by default)
2024-06-13T18:02:24.552+02:00  INFO 11108 --- [distributedsystem] [main] o.h.e.t.j.p.i.JtaPlatformInitiator       : HHH000489: No JTA platform available (set 'hibernate.transaction.jta.platform' to enable JTA platform integration)
2024-06-13T18:02:24.647+02:00  INFO 11108 --- [distributedsystem] [main] j.LocalContainerEntityManagerFactoryBean : Initialized JPA EntityManagerFactory for persistence unit 'default'
2024-06-13T18:02:26.110+02:00  WARN 11108 --- [distributedsystem] [main] JpaBaseConfiguration$JpaWebConfiguration : spring.jpa.open-in-view is enabled by default. Therefore, database queries may be performed during view rendering. Explicitly configure spring.jpa.open-in-view to disable this warning
2024-06-13T18:02:28.626+02:00  INFO 11108 --- [distributedsystem] [main] o.s.b.a.e.web.EndpointLinksResolver      : Exposing 1 endpoint beneath base path '/actuator'
2024-06-13T18:02:28.818+02:00  INFO 11108 --- [distributedsystem] [main] c.h.d.DistributedsystemApplicationTests  : Started DistributedsystemApplicationTests in 10.139 seconds (process running for 11.552)
2024-06-13T18:02:29.664+02:00  INFO 11108 --- [distributedsystem] [SpringApplicationShutdownHook] j.LocalContainerEntityManagerFactoryBean : Closing JPA EntityManagerFactory for persistence unit 'default'
2024-06-13T18:02:29.677+02:00  INFO 11108 --- [distributedsystem] [SpringApplicationShutdownHook] com.zaxxer.hikari.HikariDataSource       : HikariPool-1 - Shutdown initiated...
2024-06-13T18:02:29.699+02:00  INFO 11108 --- [distributedsystem] [SpringApplicationShutdownHook] com.zaxxer.hikari.HikariDataSource       : HikariPool-1 - Shutdown completed.
2024-06-13T18:03:04.980+02:00  INFO 25932 --- [distributedsystem] [main] c.h.d.DistributedsystemApplicationTests  : Starting DistributedsystemApplicationTests using Java 17.0.11 with PID 25932 (started by Frank in C:\Users\Siret\frank\projects\hs\distributedsystem\distributedsystem)
2024-06-13T18:03:04.980+02:00  INFO 25932 --- [distributedsystem] [main] c.h.d.DistributedsystemApplicationTests  : No active profile set, falling back to 1 default profile: "default"
2024-06-13T18:03:06.382+02:00  INFO 25932 --- [distributedsystem] [main] .s.d.r.c.RepositoryConfigurationDelegate : Bootstrapping Spring Data JPA repositories in DEFAULT mode.
2024-06-13T18:03:06.478+02:00  INFO 25932 --- [distributedsystem] [main] .s.d.r.c.RepositoryConfigurationDelegate : Finished Spring Data repository scanning in 88 ms. Found 2 JPA repository interfaces.
2024-06-13T18:03:07.590+02:00  INFO 25932 --- [distributedsystem] [main] o.hibernate.jpa.internal.util.LogHelper  : HHH000204: Processing PersistenceUnitInfo [name: default]
2024-06-13T18:03:07.760+02:00  INFO 25932 --- [distributedsystem] [main] org.hibernate.Version                    : HHH000412: Hibernate ORM core version 6.5.2.Final
2024-06-13T18:03:07.835+02:00  INFO 25932 --- [distributedsystem] [main] o.h.c.internal.RegionFactoryInitiator    : HHH000026: Second-level cache disabled
2024-06-13T18:03:08.413+02:00  INFO 25932 --- [distributedsystem] [main] o.s.o.j.p.SpringPersistenceUnitInfo      : No LoadTimeWeaver setup: ignoring JPA class transformer
2024-06-13T18:03:08.444+02:00  INFO 25932 --- [distributedsystem] [main] com.zaxxer.hikari.HikariDataSource       : HikariPool-1 - Starting...
2024-06-13T18:03:08.699+02:00  INFO 25932 --- [distributedsystem] [main] com.zaxxer.hikari.pool.HikariPool        : HikariPool-1 - Added connection org.postgresql.jdbc.PgConnection@5256fbc
2024-06-13T18:03:08.714+02:00  INFO 25932 --- [distributedsystem] [main] com.zaxxer.hikari.HikariDataSource       : HikariPool-1 - Start completed.
2024-06-13T18:03:08.765+02:00  WARN 25932 --- [distributedsystem] [main] org.hibernate.orm.deprecation            : HHH90000025: PostgreSQLDialect does not need to be specified explicitly using 'hibernate.dialect' (remove the property setting and it will be selected by default)
2024-06-13T18:03:10.048+02:00  INFO 25932 --- [distributedsystem] [main] o.h.e.t.j.p.i.JtaPlatformInitiator       : HHH000489: No JTA platform available (set 'hibernate.transaction.jta.platform' to enable JTA platform integration)
2024-06-13T18:03:10.153+02:00  INFO 25932 --- [distributedsystem] [main] j.LocalContainerEntityManagerFactoryBean : Initialized JPA EntityManagerFactory for persistence unit 'default'
2024-06-13T18:03:11.775+02:00  WARN 25932 --- [distributedsystem] [main] JpaBaseConfiguration$JpaWebConfiguration : spring.jpa.open-in-view is enabled by default. Therefore, database queries may be performed during view rendering. Explicitly configure spring.jpa.open-in-view to disable this warning
2024-06-13T18:03:14.486+02:00  INFO 25932 --- [distributedsystem] [main] o.s.b.a.e.web.EndpointLinksResolver      : Exposing 1 endpoint beneath base path '/actuator'
2024-06-13T18:03:14.715+02:00  INFO 25932 --- [distributedsystem] [main] c.h.d.DistributedsystemApplicationTests  : Started DistributedsystemApplicationTests in 10.189 seconds (process running for 11.614)
2024-06-13T18:03:15.704+02:00  INFO 25932 --- [distributedsystem] [SpringApplicationShutdownHook] j.LocalContainerEntityManagerFactoryBean : Closing JPA EntityManagerFactory for persistence unit 'default'
2024-06-13T18:03:15.722+02:00  INFO 25932 --- [distributedsystem] [SpringApplicationShutdownHook] com.zaxxer.hikari.HikariDataSource       : HikariPool-1 - Shutdown initiated...
2024-06-13T18:03:15.735+02:00  INFO 25932 --- [distributedsystem] [SpringApplicationShutdownHook] com.zaxxer.hikari.HikariDataSource       : HikariPool-1 - Shutdown completed.
2024-06-13T18:05:29.652+02:00  INFO 25736 --- [distributedsystem] [main] c.h.d.DistributedsystemApplicationTests  : Starting DistributedsystemApplicationTests using Java 17.0.11 with PID 25736 (started by Frank in C:\Users\Siret\frank\projects\hs\distributedsystem\distributedsystem)
2024-06-13T18:05:29.654+02:00  INFO 25736 --- [distributedsystem] [main] c.h.d.DistributedsystemApplicationTests  : No active profile set, falling back to 1 default profile: "default"
2024-06-13T18:05:31.293+02:00  INFO 25736 --- [distributedsystem] [main] .s.d.r.c.RepositoryConfigurationDelegate : Bootstrapping Spring Data JPA repositories in DEFAULT mode.
2024-06-13T18:05:31.435+02:00  INFO 25736 --- [distributedsystem] [main] .s.d.r.c.RepositoryConfigurationDelegate : Finished Spring Data repository scanning in 123 ms. Found 2 JPA repository interfaces.
2024-06-13T18:05:33.014+02:00  INFO 25736 --- [distributedsystem] [main] o.hibernate.jpa.internal.util.LogHelper  : HHH000204: Processing PersistenceUnitInfo [name: default]
2024-06-13T18:05:33.198+02:00  INFO 25736 --- [distributedsystem] [main] org.hibernate.Version                    : HHH000412: Hibernate ORM core version 6.5.2.Final
2024-06-13T18:05:33.290+02:00  INFO 25736 --- [distributedsystem] [main] o.h.c.internal.RegionFactoryInitiator    : HHH000026: Second-level cache disabled
2024-06-13T18:05:33.979+02:00  INFO 25736 --- [distributedsystem] [main] o.s.o.j.p.SpringPersistenceUnitInfo      : No LoadTimeWeaver setup: ignoring JPA class transformer
2024-06-13T18:05:34.023+02:00  INFO 25736 --- [distributedsystem] [main] com.zaxxer.hikari.HikariDataSource       : HikariPool-1 - Starting...
2024-06-13T18:05:34.329+02:00  INFO 25736 --- [distributedsystem] [main] com.zaxxer.hikari.pool.HikariPool        : HikariPool-1 - Added connection org.postgresql.jdbc.PgConnection@5daad59a
2024-06-13T18:05:34.332+02:00  INFO 25736 --- [distributedsystem] [main] com.zaxxer.hikari.HikariDataSource       : HikariPool-1 - Start completed.
2024-06-13T18:05:34.381+02:00  WARN 25736 --- [distributedsystem] [main] org.hibernate.orm.deprecation            : HHH90000025: PostgreSQLDialect does not need to be specified explicitly using 'hibernate.dialect' (remove the property setting and it will be selected by default)
2024-06-13T18:05:35.716+02:00  INFO 25736 --- [distributedsystem] [main] o.h.e.t.j.p.i.JtaPlatformInitiator       : HHH000489: No JTA platform available (set 'hibernate.transaction.jta.platform' to enable JTA platform integration)
2024-06-13T18:05:35.801+02:00  INFO 25736 --- [distributedsystem] [main] j.LocalContainerEntityManagerFactoryBean : Initialized JPA EntityManagerFactory for persistence unit 'default'
2024-06-13T18:05:37.380+02:00  WARN 25736 --- [distributedsystem] [main] JpaBaseConfiguration$JpaWebConfiguration : spring.jpa.open-in-view is enabled by default. Therefore, database queries may be performed during view rendering. Explicitly configure spring.jpa.open-in-view to disable this warning
2024-06-13T18:05:39.874+02:00  INFO 25736 --- [distributedsystem] [main] o.s.b.a.e.web.EndpointLinksResolver      : Exposing 1 endpoint beneath base path '/actuator'
2024-06-13T18:05:40.081+02:00  INFO 25736 --- [distributedsystem] [main] c.h.d.DistributedsystemApplicationTests  : Started DistributedsystemApplicationTests in 10.894 seconds (process running for 12.4)
2024-06-13T18:05:40.899+02:00  INFO 25736 --- [distributedsystem] [SpringApplicationShutdownHook] j.LocalContainerEntityManagerFactoryBean : Closing JPA EntityManagerFactory for persistence unit 'default'
2024-06-13T18:05:40.905+02:00  INFO 25736 --- [distributedsystem] [SpringApplicationShutdownHook] com.zaxxer.hikari.HikariDataSource       : HikariPool-1 - Shutdown initiated...
2024-06-13T18:05:40.917+02:00  INFO 25736 --- [distributedsystem] [SpringApplicationShutdownHook] com.zaxxer.hikari.HikariDataSource       : HikariPool-1 - Shutdown completed.
2024-06-13T18:06:45.352+02:00  INFO 24376 --- [distributedsystem] [main] c.h.d.DistributedsystemApplicationTests  : Starting DistributedsystemApplicationTests using Java 17.0.11 with PID 24376 (started by Frank in C:\Users\Siret\frank\projects\hs\distributedsystem\distributedsystem)
2024-06-13T18:06:45.355+02:00  INFO 24376 --- [distributedsystem] [main] c.h.d.DistributedsystemApplicationTests  : No active profile set, falling back to 1 default profile: "default"
2024-06-13T18:06:46.756+02:00  INFO 24376 --- [distributedsystem] [main] .s.d.r.c.RepositoryConfigurationDelegate : Bootstrapping Spring Data JPA repositories in DEFAULT mode.
2024-06-13T18:06:46.853+02:00  INFO 24376 --- [distributedsystem] [main] .s.d.r.c.RepositoryConfigurationDelegate : Finished Spring Data repository scanning in 83 ms. Found 2 JPA repository interfaces.
2024-06-13T18:06:47.921+02:00  INFO 24376 --- [distributedsystem] [main] o.hibernate.jpa.internal.util.LogHelper  : HHH000204: Processing PersistenceUnitInfo [name: default]
2024-06-13T18:06:48.056+02:00  INFO 24376 --- [distributedsystem] [main] org.hibernate.Version                    : HHH000412: Hibernate ORM core version 6.5.2.Final
2024-06-13T18:06:48.140+02:00  INFO 24376 --- [distributedsystem] [main] o.h.c.internal.RegionFactoryInitiator    : HHH000026: Second-level cache disabled
2024-06-13T18:06:48.747+02:00  INFO 24376 --- [distributedsystem] [main] o.s.o.j.p.SpringPersistenceUnitInfo      : No LoadTimeWeaver setup: ignoring JPA class transformer
2024-06-13T18:06:48.797+02:00  INFO 24376 --- [distributedsystem] [main] com.zaxxer.hikari.HikariDataSource       : HikariPool-1 - Starting...
2024-06-13T18:06:49.079+02:00  INFO 24376 --- [distributedsystem] [main] com.zaxxer.hikari.pool.HikariPool        : HikariPool-1 - Added connection org.postgresql.jdbc.PgConnection@11295cb1
2024-06-13T18:06:49.082+02:00  INFO 24376 --- [distributedsystem] [main] com.zaxxer.hikari.HikariDataSource       : HikariPool-1 - Start completed.
2024-06-13T18:06:49.150+02:00  WARN 24376 --- [distributedsystem] [main] org.hibernate.orm.deprecation            : HHH90000025: PostgreSQLDialect does not need to be specified explicitly using 'hibernate.dialect' (remove the property setting and it will be selected by default)
2024-06-13T18:06:50.419+02:00  INFO 24376 --- [distributedsystem] [main] o.h.e.t.j.p.i.JtaPlatformInitiator       : HHH000489: No JTA platform available (set 'hibernate.transaction.jta.platform' to enable JTA platform integration)
2024-06-13T18:06:50.519+02:00  INFO 24376 --- [distributedsystem] [main] j.LocalContainerEntityManagerFactoryBean : Initialized JPA EntityManagerFactory for persistence unit 'default'
2024-06-13T18:06:52.163+02:00  WARN 24376 --- [distributedsystem] [main] JpaBaseConfiguration$JpaWebConfiguration : spring.jpa.open-in-view is enabled by default. Therefore, database queries may be performed during view rendering. Explicitly configure spring.jpa.open-in-view to disable this warning
2024-06-13T18:06:54.671+02:00  INFO 24376 --- [distributedsystem] [main] o.s.b.a.e.web.EndpointLinksResolver      : Exposing 1 endpoint beneath base path '/actuator'
2024-06-13T18:06:54.934+02:00  INFO 24376 --- [distributedsystem] [main] c.h.d.DistributedsystemApplicationTests  : Started DistributedsystemApplicationTests in 10.009 seconds (process running for 11.455)
2024-06-13T18:06:55.775+02:00  INFO 24376 --- [distributedsystem] [SpringApplicationShutdownHook] j.LocalContainerEntityManagerFactoryBean : Closing JPA EntityManagerFactory for persistence unit 'default'
2024-06-13T18:06:55.783+02:00  INFO 24376 --- [distributedsystem] [SpringApplicationShutdownHook] com.zaxxer.hikari.HikariDataSource       : HikariPool-1 - Shutdown initiated...
2024-06-13T18:06:55.801+02:00  INFO 24376 --- [distributedsystem] [SpringApplicationShutdownHook] com.zaxxer.hikari.HikariDataSource       : HikariPool-1 - Shutdown completed.
2024-06-13T18:08:10.489+02:00  INFO 2680 --- [distributedsystem] [restartedMain] c.h.d.DistributedsystemApplication       : Starting DistributedsystemApplication using Java 17.0.11 with PID 2680 (C:\Users\Siret\frank\projects\hs\distributedsystem\distributedsystem\target\classes started by Frank in C:\Users\Siret\frank\projects\hs\distributedsystem\distributedsystem)
2024-06-13T18:08:10.494+02:00  INFO 2680 --- [distributedsystem] [restartedMain] c.h.d.DistributedsystemApplication       : No active profile set, falling back to 1 default profile: "default"
2024-06-13T18:08:10.551+02:00  INFO 2680 --- [distributedsystem] [restartedMain] .e.DevToolsPropertyDefaultsPostProcessor : Devtools property defaults active! Set 'spring.devtools.add-properties' to 'false' to disable
2024-06-13T18:08:10.552+02:00  INFO 2680 --- [distributedsystem] [restartedMain] .e.DevToolsPropertyDefaultsPostProcessor : For additional web related logging consider setting the 'logging.level.web' property to 'DEBUG'
2024-06-13T18:08:11.614+02:00  INFO 2680 --- [distributedsystem] [restartedMain] .s.d.r.c.RepositoryConfigurationDelegate : Bootstrapping Spring Data JPA repositories in DEFAULT mode.
2024-06-13T18:08:11.690+02:00  INFO 2680 --- [distributedsystem] [restartedMain] .s.d.r.c.RepositoryConfigurationDelegate : Finished Spring Data repository scanning in 65 ms. Found 2 JPA repository interfaces.
2024-06-13T18:08:12.679+02:00  INFO 2680 --- [distributedsystem] [restartedMain] o.s.b.w.embedded.tomcat.TomcatWebServer  : Tomcat initialized with port 9000 (http)
2024-06-13T18:08:12.695+02:00  INFO 2680 --- [distributedsystem] [restartedMain] o.apache.catalina.core.StandardService   : Starting service [Tomcat]
2024-06-13T18:08:12.697+02:00  INFO 2680 --- [distributedsystem] [restartedMain] o.apache.catalina.core.StandardEngine    : Starting Servlet engine: [Apache Tomcat/10.1.24]
2024-06-13T18:08:12.771+02:00  INFO 2680 --- [distributedsystem] [restartedMain] o.a.c.c.C.[Tomcat].[localhost].[/]       : Initializing Spring embedded WebApplicationContext
2024-06-13T18:08:12.773+02:00  INFO 2680 --- [distributedsystem] [restartedMain] w.s.c.ServletWebServerApplicationContext : Root WebApplicationContext: initialization completed in 2220 ms
2024-06-13T18:08:13.151+02:00  INFO 2680 --- [distributedsystem] [restartedMain] o.hibernate.jpa.internal.util.LogHelper  : HHH000204: Processing PersistenceUnitInfo [name: default]
2024-06-13T18:08:13.224+02:00  INFO 2680 --- [distributedsystem] [restartedMain] org.hibernate.Version                    : HHH000412: Hibernate ORM core version 6.5.2.Final
2024-06-13T18:08:13.278+02:00  INFO 2680 --- [distributedsystem] [restartedMain] o.h.c.internal.RegionFactoryInitiator    : HHH000026: Second-level cache disabled
2024-06-13T18:08:13.656+02:00  INFO 2680 --- [distributedsystem] [restartedMain] o.s.o.j.p.SpringPersistenceUnitInfo      : No LoadTimeWeaver setup: ignoring JPA class transformer
2024-06-13T18:08:13.693+02:00  INFO 2680 --- [distributedsystem] [restartedMain] com.zaxxer.hikari.HikariDataSource       : HikariPool-1 - Starting...
2024-06-13T18:08:13.926+02:00  INFO 2680 --- [distributedsystem] [restartedMain] com.zaxxer.hikari.pool.HikariPool        : HikariPool-1 - Added connection org.postgresql.jdbc.PgConnection@e8ba6d8
2024-06-13T18:08:13.929+02:00  INFO 2680 --- [distributedsystem] [restartedMain] com.zaxxer.hikari.HikariDataSource       : HikariPool-1 - Start completed.
2024-06-13T18:08:13.981+02:00  WARN 2680 --- [distributedsystem] [restartedMain] org.hibernate.orm.deprecation            : HHH90000025: PostgreSQLDialect does not need to be specified explicitly using 'hibernate.dialect' (remove the property setting and it will be selected by default)
2024-06-13T18:08:15.077+02:00  INFO 2680 --- [distributedsystem] [restartedMain] o.h.e.t.j.p.i.JtaPlatformInitiator       : HHH000489: No JTA platform available (set 'hibernate.transaction.jta.platform' to enable JTA platform integration)
2024-06-13T18:08:15.162+02:00  INFO 2680 --- [distributedsystem] [restartedMain] j.LocalContainerEntityManagerFactoryBean : Initialized JPA EntityManagerFactory for persistence unit 'default'
2024-06-13T18:08:15.746+02:00  WARN 2680 --- [distributedsystem] [restartedMain] JpaBaseConfiguration$JpaWebConfiguration : spring.jpa.open-in-view is enabled by default. Therefore, database queries may be performed during view rendering. Explicitly configure spring.jpa.open-in-view to disable this warning
2024-06-13T18:08:16.805+02:00  WARN 2680 --- [distributedsystem] [restartedMain] o.s.b.d.a.OptionalLiveReloadServer       : Unable to start LiveReload server
2024-06-13T18:08:16.817+02:00  INFO 2680 --- [distributedsystem] [restartedMain] o.s.b.a.e.web.EndpointLinksResolver      : Exposing 1 endpoint beneath base path '/actuator'
2024-06-13T18:08:16.909+02:00  INFO 2680 --- [distributedsystem] [restartedMain] o.s.b.w.embedded.tomcat.TomcatWebServer  : Tomcat started on port 9000 (http) with context path '/'
2024-06-13T18:08:16.930+02:00  INFO 2680 --- [distributedsystem] [restartedMain] c.h.d.DistributedsystemApplication       : Started DistributedsystemApplication in 6.952 seconds (process running for 7.507)
2024-06-13T18:08:22.971+02:00  INFO 2680 --- [distributedsystem] [http-nio-9000-exec-1] o.a.c.c.C.[Tomcat].[localhost].[/]       : Initializing Spring DispatcherServlet 'dispatcherServlet'
2024-06-13T18:08:22.974+02:00  INFO 2680 --- [distributedsystem] [http-nio-9000-exec-1] o.s.web.servlet.DispatcherServlet        : Initializing Servlet 'dispatcherServlet'
2024-06-13T18:08:22.974+02:00  INFO 2680 --- [distributedsystem] [http-nio-9000-exec-1] o.s.web.servlet.DispatcherServlet        : Completed initialization in 0 ms
2024-06-13T18:08:23.143+02:00  WARN 2680 --- [distributedsystem] [http-nio-9000-exec-1] .m.m.a.ExceptionHandlerExceptionResolver : Resolved [org.springframework.web.servlet.resource.NoResourceFoundException: No static resource health.]
2024-06-13T18:08:52.875+02:00  WARN 2680 --- [distributedsystem] [http-nio-9000-exec-2] .m.m.a.ExceptionHandlerExceptionResolver : Resolved [org.springframework.web.servlet.resource.NoResourceFoundException: No static resource health.]
2024-06-13T18:09:01.228+02:00  INFO 2680 --- [distributedsystem] [http-nio-9000-exec-4] c.h.d.controllers.TransactionController  : REST request to create transaction : TransactionDTO(amount=110.50, currency=USD, description=Hello, World, userId=user-3)
2024-06-13T18:09:01.243+02:00  INFO 2680 --- [distributedsystem] [http-nio-9000-exec-4] c.h.d.services.TransactionService        : Request to create transaction : TransactionDTO(amount=110.50, currency=USD, description=Hello, World, userId=user-3)
2024-06-13T18:09:01.294+02:00  WARN 2680 --- [distributedsystem] [http-nio-9000-exec-4] .m.m.a.ExceptionHandlerExceptionResolver : Resolved [org.springframework.web.client.ResourceAccessException: I/O error on POST request for "http://localhost:8181/v1/wallet/transaction": Connection refused: connect]
2024-06-13T18:09:22.881+02:00  WARN 2680 --- [distributedsystem] [http-nio-9000-exec-5] .m.m.a.ExceptionHandlerExceptionResolver : Resolved [org.springframework.web.servlet.resource.NoResourceFoundException: No static resource health.]
2024-06-13T18:09:40.307+02:00  INFO 2680 --- [distributedsystem] [http-nio-9000-exec-7] c.h.d.controllers.TransactionController  : REST request to create transaction : TransactionDTO(amount=110.50, currency=USD, description=Hello, World, userId=user-3)
2024-06-13T18:09:40.310+02:00  INFO 2680 --- [distributedsystem] [http-nio-9000-exec-7] c.h.d.services.TransactionService        : Request to create transaction : TransactionDTO(amount=110.50, currency=USD, description=Hello, World, userId=user-3)
2024-06-13T18:09:40.322+02:00  WARN 2680 --- [distributedsystem] [http-nio-9000-exec-7] .m.m.a.ExceptionHandlerExceptionResolver : Resolved [org.springframework.web.client.ResourceAccessException: I/O error on POST request for "http://localhost:8181/v1/wallet/transaction": An established connection was aborted by the software in your host machine]
2024-06-13T18:09:41.707+02:00  INFO 2680 --- [distributedsystem] [http-nio-9000-exec-9] c.h.d.controllers.TransactionController  : REST request to create transaction : TransactionDTO(amount=110.50, currency=USD, description=Hello, World, userId=user-3)
2024-06-13T18:09:41.711+02:00  INFO 2680 --- [distributedsystem] [http-nio-9000-exec-9] c.h.d.services.TransactionService        : Request to create transaction : TransactionDTO(amount=110.50, currency=USD, description=Hello, World, userId=user-3)
2024-06-13T18:09:41.718+02:00  WARN 2680 --- [distributedsystem] [http-nio-9000-exec-9] .m.m.a.ExceptionHandlerExceptionResolver : Resolved [org.springframework.web.client.ResourceAccessException: I/O error on POST request for "http://localhost:8181/v1/wallet/transaction": Unexpected end of file from server]
2024-06-13T18:09:42.815+02:00  INFO 2680 --- [distributedsystem] [http-nio-9000-exec-10] c.h.d.controllers.TransactionController  : REST request to create transaction : TransactionDTO(amount=110.50, currency=USD, description=Hello, World, userId=user-3)
2024-06-13T18:09:42.817+02:00  INFO 2680 --- [distributedsystem] [http-nio-9000-exec-10] c.h.d.services.TransactionService        : Request to create transaction : TransactionDTO(amount=110.50, currency=USD, description=Hello, World, userId=user-3)
2024-06-13T18:09:42.825+02:00  WARN 2680 --- [distributedsystem] [http-nio-9000-exec-10] .m.m.a.ExceptionHandlerExceptionResolver : Resolved [org.springframework.web.client.ResourceAccessException: I/O error on POST request for "http://localhost:8181/v1/wallet/transaction": Unexpected end of file from server]
2024-06-13T18:09:52.438+02:00  INFO 2680 --- [distributedsystem] [http-nio-9000-exec-3] c.h.d.controllers.TransactionController  : REST request to create transaction : TransactionDTO(amount=110.50, currency=USD, description=Hello, World, userId=user-3)
2024-06-13T18:09:52.438+02:00  INFO 2680 --- [distributedsystem] [http-nio-9000-exec-3] c.h.d.services.TransactionService        : Request to create transaction : TransactionDTO(amount=110.50, currency=USD, description=Hello, World, userId=user-3)
2024-06-13T18:09:52.877+02:00  WARN 2680 --- [distributedsystem] [http-nio-9000-exec-4] .m.m.a.ExceptionHandlerExceptionResolver : Resolved [org.springframework.web.servlet.resource.NoResourceFoundException: No static resource health.]
2024-06-13T18:09:53.015+02:00  INFO 2680 --- [distributedsystem] [http-nio-9000-exec-3] c.h.d.services.TransactionService        : Request to save transactionResponse : TransactionResponseDTO(transactionId=2234257b-5c0d-44a7-a471-5bc81763ca74, status=SUCCESS, detail=TransactionDTO(amount=110.50, currency=USD, description=Hello, World, userId=user-3))
2024-06-13T18:10:07.794+02:00  WARN 2680 --- [distributedsystem] [http-nio-9000-exec-5] .m.m.a.ExceptionHandlerExceptionResolver : Resolved [org.springframework.web.servlet.resource.NoResourceFoundException: No static resource routes.]
2024-06-13T18:10:22.890+02:00  WARN 2680 --- [distributedsystem] [http-nio-9000-exec-6] .m.m.a.ExceptionHandlerExceptionResolver : Resolved [org.springframework.web.servlet.resource.NoResourceFoundException: No static resource health.]
2024-06-13T18:10:52.871+02:00  WARN 2680 --- [distributedsystem] [http-nio-9000-exec-7] .m.m.a.ExceptionHandlerExceptionResolver : Resolved [org.springframework.web.servlet.resource.NoResourceFoundException: No static resource health.]
2024-06-13T18:11:16.625+02:00  INFO 2680 --- [distributedsystem] [http-nio-9000-exec-1] c.h.d.controllers.TransactionController  : REST request to create transaction : TransactionDTO(amount=110.50, currency=USD, description=Hello, World, userId=user-3)
2024-06-13T18:11:16.641+02:00  INFO 2680 --- [distributedsystem] [http-nio-9000-exec-1] c.h.d.services.TransactionService        : Request to create transaction : TransactionDTO(amount=110.50, currency=USD, description=Hello, World, userId=user-3)
2024-06-13T18:11:16.655+02:00  INFO 2680 --- [distributedsystem] [http-nio-9000-exec-1] c.h.d.services.TransactionService        : Request to save transactionResponse : TransactionResponseDTO(transactionId=82da18e6-0385-4ce1-942c-d03022f4f035, status=SUCCESS, detail=TransactionDTO(amount=110.50, currency=USD, description=Hello, World, userId=user-3))
2024-06-13T18:11:20.368+02:00  WARN 2680 --- [distributedsystem] [http-nio-9000-exec-10] .m.m.a.ExceptionHandlerExceptionResolver : Resolved [org.springframework.web.servlet.resource.NoResourceFoundException: No static resource health.]
2024-06-13T18:11:22.873+02:00  WARN 2680 --- [distributedsystem] [http-nio-9000-exec-2] .m.m.a.ExceptionHandlerExceptionResolver : Resolved [org.springframework.web.servlet.resource.NoResourceFoundException: No static resource health.]
2024-06-13T18:11:23.917+02:00  WARN 2680 --- [distributedsystem] [http-nio-9000-exec-4] .m.m.a.ExceptionHandlerExceptionResolver : Resolved [org.springframework.web.servlet.resource.NoResourceFoundException: No static resource api/health.]
2024-06-13T18:11:48.182+02:00  WARN 2680 --- [distributedsystem] [http-nio-9000-exec-3] o.s.web.servlet.PageNotFound             : Request method 'POST' is not supported
2024-06-13T18:11:48.182+02:00  WARN 2680 --- [distributedsystem] [http-nio-9000-exec-3] .m.m.a.ExceptionHandlerExceptionResolver : Resolved [org.springframework.web.HttpRequestMethodNotSupportedException: Request method 'POST' is not supported]
2024-06-13T18:11:52.887+02:00  WARN 2680 --- [distributedsystem] [http-nio-9000-exec-6] .m.m.a.ExceptionHandlerExceptionResolver : Resolved [org.springframework.web.servlet.resource.NoResourceFoundException: No static resource health.]
2024-06-13T18:11:58.675+02:00  WARN 2680 --- [distributedsystem] [http-nio-9000-exec-7] .m.m.a.ExceptionHandlerExceptionResolver : Resolved [org.springframework.web.servlet.resource.NoResourceFoundException: No static resource health.]
2024-06-13T18:12:22.872+02:00  WARN 2680 --- [distributedsystem] [http-nio-9000-exec-8] .m.m.a.ExceptionHandlerExceptionResolver : Resolved [org.springframework.web.servlet.resource.NoResourceFoundException: No static resource health.]
2024-06-13T18:12:52.867+02:00  WARN 2680 --- [distributedsystem] [http-nio-9000-exec-9] .m.m.a.ExceptionHandlerExceptionResolver : Resolved [org.springframework.web.servlet.resource.NoResourceFoundException: No static resource health.]
2024-06-13T18:14:05.535+02:00  WARN 2680 --- [distributedsystem] [http-nio-9000-exec-7] .m.m.a.ExceptionHandlerExceptionResolver : Resolved [org.springframework.web.servlet.resource.NoResourceFoundException: No static resource .]
2024-06-13T18:15:14.067+02:00  INFO 2680 --- [distributedsystem] [http-nio-9000-exec-4] c.h.d.controllers.TransactionController  : REST request to create transaction : TransactionDTO(amount=110.50, currency=USD, description=Hello, World, userId=user-3)
2024-06-13T18:15:14.074+02:00  INFO 2680 --- [distributedsystem] [http-nio-9000-exec-4] c.h.d.services.TransactionService        : Request to create transaction : TransactionDTO(amount=110.50, currency=USD, description=Hello, World, userId=user-3)
2024-06-13T18:15:14.093+02:00  INFO 2680 --- [distributedsystem] [http-nio-9000-exec-4] c.h.d.services.TransactionService        : Request to save transactionResponse : TransactionResponseDTO(transactionId=7aa579f9-7de5-4154-a55c-011cf975a8a2, status=SUCCESS, detail=TransactionDTO(amount=110.50, currency=USD, description=Hello, World, userId=user-3))
2024-06-13T18:15:19.471+02:00  INFO 2680 --- [distributedsystem] [http-nio-9000-exec-3] c.h.d.controllers.TransactionController  : REST request to create transaction : TransactionDTO(amount=110.50, currency=USD, description=Hello, World, userId=user-3)
2024-06-13T18:15:19.471+02:00  INFO 2680 --- [distributedsystem] [http-nio-9000-exec-3] c.h.d.services.TransactionService        : Request to create transaction : TransactionDTO(amount=110.50, currency=USD, description=Hello, World, userId=user-3)
2024-06-13T18:15:19.493+02:00  INFO 2680 --- [distributedsystem] [http-nio-9000-exec-3] c.h.d.services.TransactionService        : Request to save transactionResponse : TransactionResponseDTO(transactionId=b4ca81d7-ab4d-4f07-b9ef-dcbd0369c14f, status=SUCCESS, detail=TransactionDTO(amount=110.50, currency=USD, description=Hello, World, userId=user-3))
2024-06-13T18:15:20.883+02:00  INFO 2680 --- [distributedsystem] [http-nio-9000-exec-5] c.h.d.controllers.TransactionController  : REST request to create transaction : TransactionDTO(amount=110.50, currency=USD, description=Hello, World, userId=user-3)
2024-06-13T18:15:20.883+02:00  INFO 2680 --- [distributedsystem] [http-nio-9000-exec-5] c.h.d.services.TransactionService        : Request to create transaction : TransactionDTO(amount=110.50, currency=USD, description=Hello, World, userId=user-3)
2024-06-13T18:15:20.914+02:00  INFO 2680 --- [distributedsystem] [http-nio-9000-exec-5] c.h.d.services.TransactionService        : Request to save transactionResponse : TransactionResponseDTO(transactionId=028aa245-904d-4598-9294-e40b8f6a7b32, status=SUCCESS, detail=TransactionDTO(amount=110.50, currency=USD, description=Hello, World, userId=user-3))
2024-06-13T18:15:22.018+02:00  INFO 2680 --- [distributedsystem] [http-nio-9000-exec-6] c.h.d.controllers.TransactionController  : REST request to create transaction : TransactionDTO(amount=110.50, currency=USD, description=Hello, World, userId=user-3)
2024-06-13T18:15:22.018+02:00  INFO 2680 --- [distributedsystem] [http-nio-9000-exec-6] c.h.d.services.TransactionService        : Request to create transaction : TransactionDTO(amount=110.50, currency=USD, description=Hello, World, userId=user-3)
2024-06-13T18:15:22.050+02:00  INFO 2680 --- [distributedsystem] [http-nio-9000-exec-6] c.h.d.services.TransactionService        : Request to save transactionResponse : TransactionResponseDTO(transactionId=1a13dda8-5de2-439c-b8a2-f721f67b342e, status=SUCCESS, detail=TransactionDTO(amount=110.50, currency=USD, description=Hello, World, userId=user-3))
2024-06-13T18:15:35.255+02:00  INFO 2680 --- [distributedsystem] [http-nio-9000-exec-7] c.h.d.controllers.TransactionController  : REST request to create transaction : TransactionDTO(amount=110.50, currency=USD, description=Hello, World, userId=user-3)
2024-06-13T18:15:35.255+02:00  INFO 2680 --- [distributedsystem] [http-nio-9000-exec-7] c.h.d.services.TransactionService        : Request to create transaction : TransactionDTO(amount=110.50, currency=USD, description=Hello, World, userId=user-3)
2024-06-13T18:15:35.272+02:00  INFO 2680 --- [distributedsystem] [http-nio-9000-exec-7] c.h.d.services.TransactionService        : Request to save transactionResponse : TransactionResponseDTO(transactionId=6b4dbbbf-68a4-4c1a-a949-824ff3041a5e, status=SUCCESS, detail=TransactionDTO(amount=110.50, currency=USD, description=Hello, World, userId=user-3))
2024-06-13T19:51:15.295+02:00  INFO 7060 --- [distributedsystem] [main] c.h.d.DistributedsystemApplicationTests  : Starting DistributedsystemApplicationTests using Java 17.0.11 with PID 7060 (started by Frank in C:\Users\Siret\frank\projects\hs\distributedsystem\distributedsystem)
2024-06-13T19:51:15.295+02:00  INFO 7060 --- [distributedsystem] [main] c.h.d.DistributedsystemApplicationTests  : No active profile set, falling back to 1 default profile: "default"
2024-06-13T19:51:16.836+02:00  INFO 7060 --- [distributedsystem] [main] .s.d.r.c.RepositoryConfigurationDelegate : Bootstrapping Spring Data JPA repositories in DEFAULT mode.
2024-06-13T19:51:16.946+02:00  INFO 7060 --- [distributedsystem] [main] .s.d.r.c.RepositoryConfigurationDelegate : Finished Spring Data repository scanning in 93 ms. Found 2 JPA repository interfaces.
2024-06-13T19:51:18.263+02:00  INFO 7060 --- [distributedsystem] [main] o.hibernate.jpa.internal.util.LogHelper  : HHH000204: Processing PersistenceUnitInfo [name: default]
2024-06-13T19:51:18.548+02:00  INFO 7060 --- [distributedsystem] [main] org.hibernate.Version                    : HHH000412: Hibernate ORM core version 6.5.2.Final
2024-06-13T19:51:18.657+02:00  INFO 7060 --- [distributedsystem] [main] o.h.c.internal.RegionFactoryInitiator    : HHH000026: Second-level cache disabled
2024-06-13T19:51:19.383+02:00  INFO 7060 --- [distributedsystem] [main] o.s.o.j.p.SpringPersistenceUnitInfo      : No LoadTimeWeaver setup: ignoring JPA class transformer
2024-06-13T19:51:19.430+02:00  INFO 7060 --- [distributedsystem] [main] com.zaxxer.hikari.HikariDataSource       : HikariPool-1 - Starting...
2024-06-13T19:51:19.716+02:00  INFO 7060 --- [distributedsystem] [main] com.zaxxer.hikari.pool.HikariPool        : HikariPool-1 - Added connection org.postgresql.jdbc.PgConnection@58f50dd0
2024-06-13T19:51:19.716+02:00  INFO 7060 --- [distributedsystem] [main] com.zaxxer.hikari.HikariDataSource       : HikariPool-1 - Start completed.
2024-06-13T19:51:19.778+02:00  WARN 7060 --- [distributedsystem] [main] org.hibernate.orm.deprecation            : HHH90000025: PostgreSQLDialect does not need to be specified explicitly using 'hibernate.dialect' (remove the property setting and it will be selected by default)
2024-06-13T19:51:21.147+02:00  INFO 7060 --- [distributedsystem] [main] o.h.e.t.j.p.i.JtaPlatformInitiator       : HHH000489: No JTA platform available (set 'hibernate.transaction.jta.platform' to enable JTA platform integration)
2024-06-13T19:51:21.253+02:00  INFO 7060 --- [distributedsystem] [main] j.LocalContainerEntityManagerFactoryBean : Initialized JPA EntityManagerFactory for persistence unit 'default'
2024-06-13T19:51:22.910+02:00  WARN 7060 --- [distributedsystem] [main] JpaBaseConfiguration$JpaWebConfiguration : spring.jpa.open-in-view is enabled by default. Therefore, database queries may be performed during view rendering. Explicitly configure spring.jpa.open-in-view to disable this warning
2024-06-13T19:51:25.612+02:00  INFO 7060 --- [distributedsystem] [main] o.s.b.a.e.web.EndpointLinksResolver      : Exposing 1 endpoint beneath base path '/actuator'
2024-06-13T19:51:25.858+02:00  INFO 7060 --- [distributedsystem] [main] c.h.d.DistributedsystemApplicationTests  : Started DistributedsystemApplicationTests in 11.021 seconds (process running for 12.552)
2024-06-13T19:51:26.686+02:00  INFO 7060 --- [distributedsystem] [SpringApplicationShutdownHook] j.LocalContainerEntityManagerFactoryBean : Closing JPA EntityManagerFactory for persistence unit 'default'
2024-06-13T19:51:26.694+02:00  INFO 7060 --- [distributedsystem] [SpringApplicationShutdownHook] com.zaxxer.hikari.HikariDataSource       : HikariPool-1 - Shutdown initiated...
2024-06-13T19:51:26.724+02:00  INFO 7060 --- [distributedsystem] [SpringApplicationShutdownHook] com.zaxxer.hikari.HikariDataSource       : HikariPool-1 - Shutdown completed.
2024-06-13T19:52:25.649+02:00  INFO 15652 --- [distributedsystem] [main] c.h.d.DistributedsystemApplicationTests  : Starting DistributedsystemApplicationTests using Java 17.0.11 with PID 15652 (started by Frank in C:\Users\Siret\frank\projects\hs\distributedsystem\distributedsystem)
2024-06-13T19:52:25.662+02:00  INFO 15652 --- [distributedsystem] [main] c.h.d.DistributedsystemApplicationTests  : No active profile set, falling back to 1 default profile: "default"
2024-06-13T19:52:27.333+02:00  INFO 15652 --- [distributedsystem] [main] .s.d.r.c.RepositoryConfigurationDelegate : Bootstrapping Spring Data JPA repositories in DEFAULT mode.
2024-06-13T19:52:27.455+02:00  INFO 15652 --- [distributedsystem] [main] .s.d.r.c.RepositoryConfigurationDelegate : Finished Spring Data repository scanning in 100 ms. Found 2 JPA repository interfaces.
2024-06-13T19:52:28.625+02:00  INFO 15652 --- [distributedsystem] [main] o.hibernate.jpa.internal.util.LogHelper  : HHH000204: Processing PersistenceUnitInfo [name: default]
2024-06-13T19:52:28.777+02:00  INFO 15652 --- [distributedsystem] [main] org.hibernate.Version                    : HHH000412: Hibernate ORM core version 6.5.2.Final
2024-06-13T19:52:28.864+02:00  INFO 15652 --- [distributedsystem] [main] o.h.c.internal.RegionFactoryInitiator    : HHH000026: Second-level cache disabled
2024-06-13T19:52:29.747+02:00  INFO 15652 --- [distributedsystem] [main] o.s.o.j.p.SpringPersistenceUnitInfo      : No LoadTimeWeaver setup: ignoring JPA class transformer
2024-06-13T19:52:29.810+02:00  INFO 15652 --- [distributedsystem] [main] com.zaxxer.hikari.HikariDataSource       : HikariPool-1 - Starting...
2024-06-13T19:52:30.180+02:00  INFO 15652 --- [distributedsystem] [main] com.zaxxer.hikari.pool.HikariPool        : HikariPool-1 - Added connection org.postgresql.jdbc.PgConnection@416c8bb5
2024-06-13T19:52:30.186+02:00  INFO 15652 --- [distributedsystem] [main] com.zaxxer.hikari.HikariDataSource       : HikariPool-1 - Start completed.
2024-06-13T19:52:30.252+02:00  WARN 15652 --- [distributedsystem] [main] org.hibernate.orm.deprecation            : HHH90000025: PostgreSQLDialect does not need to be specified explicitly using 'hibernate.dialect' (remove the property setting and it will be selected by default)
2024-06-13T19:52:31.756+02:00  INFO 15652 --- [distributedsystem] [main] o.h.e.t.j.p.i.JtaPlatformInitiator       : HHH000489: No JTA platform available (set 'hibernate.transaction.jta.platform' to enable JTA platform integration)
2024-06-13T19:52:31.880+02:00  INFO 15652 --- [distributedsystem] [main] j.LocalContainerEntityManagerFactoryBean : Initialized JPA EntityManagerFactory for persistence unit 'default'
2024-06-13T19:52:33.459+02:00  WARN 15652 --- [distributedsystem] [main] JpaBaseConfiguration$JpaWebConfiguration : spring.jpa.open-in-view is enabled by default. Therefore, database queries may be performed during view rendering. Explicitly configure spring.jpa.open-in-view to disable this warning
2024-06-13T19:52:37.865+02:00  INFO 15652 --- [distributedsystem] [main] o.s.b.a.e.web.EndpointLinksResolver      : Exposing 1 endpoint beneath base path '/actuator'
2024-06-13T19:52:38.014+02:00  INFO 15652 --- [distributedsystem] [main] c.h.d.DistributedsystemApplicationTests  : Started DistributedsystemApplicationTests in 12.812 seconds (process running for 14.397)
2024-06-13T19:52:38.815+02:00  INFO 15652 --- [distributedsystem] [SpringApplicationShutdownHook] j.LocalContainerEntityManagerFactoryBean : Closing JPA EntityManagerFactory for persistence unit 'default'
2024-06-13T19:52:38.823+02:00  INFO 15652 --- [distributedsystem] [SpringApplicationShutdownHook] com.zaxxer.hikari.HikariDataSource       : HikariPool-1 - Shutdown initiated...
2024-06-13T19:52:38.838+02:00  INFO 15652 --- [distributedsystem] [SpringApplicationShutdownHook] com.zaxxer.hikari.HikariDataSource       : HikariPool-1 - Shutdown completed.
2024-06-13T20:01:29.954+02:00  INFO 21584 --- [distributedsystem] [main] c.h.d.DistributedsystemApplicationTests  : Starting DistributedsystemApplicationTests using Java 17.0.11 with PID 21584 (started by Frank in C:\Users\Siret\frank\projects\hs\distributedsystem\distributedsystem)
2024-06-13T20:01:29.954+02:00  INFO 21584 --- [distributedsystem] [main] c.h.d.DistributedsystemApplicationTests  : No active profile set, falling back to 1 default profile: "default"
2024-06-13T20:01:31.389+02:00  INFO 21584 --- [distributedsystem] [main] .s.d.r.c.RepositoryConfigurationDelegate : Bootstrapping Spring Data JPA repositories in DEFAULT mode.
2024-06-13T20:01:31.491+02:00  INFO 21584 --- [distributedsystem] [main] .s.d.r.c.RepositoryConfigurationDelegate : Finished Spring Data repository scanning in 87 ms. Found 2 JPA repository interfaces.
2024-06-13T20:01:32.562+02:00  INFO 21584 --- [distributedsystem] [main] o.hibernate.jpa.internal.util.LogHelper  : HHH000204: Processing PersistenceUnitInfo [name: default]
2024-06-13T20:01:32.709+02:00  INFO 21584 --- [distributedsystem] [main] org.hibernate.Version                    : HHH000412: Hibernate ORM core version 6.5.2.Final
2024-06-13T20:01:32.786+02:00  INFO 21584 --- [distributedsystem] [main] o.h.c.internal.RegionFactoryInitiator    : HHH000026: Second-level cache disabled
2024-06-13T20:01:33.430+02:00  INFO 21584 --- [distributedsystem] [main] o.s.o.j.p.SpringPersistenceUnitInfo      : No LoadTimeWeaver setup: ignoring JPA class transformer
2024-06-13T20:01:33.480+02:00  INFO 21584 --- [distributedsystem] [main] com.zaxxer.hikari.HikariDataSource       : HikariPool-1 - Starting...
2024-06-13T20:01:33.748+02:00  INFO 21584 --- [distributedsystem] [main] com.zaxxer.hikari.pool.HikariPool        : HikariPool-1 - Added connection org.postgresql.jdbc.PgConnection@7fb44737
2024-06-13T20:01:33.748+02:00  INFO 21584 --- [distributedsystem] [main] com.zaxxer.hikari.HikariDataSource       : HikariPool-1 - Start completed.
2024-06-13T20:01:33.811+02:00  WARN 21584 --- [distributedsystem] [main] org.hibernate.orm.deprecation            : HHH90000025: PostgreSQLDialect does not need to be specified explicitly using 'hibernate.dialect' (remove the property setting and it will be selected by default)
2024-06-13T20:01:35.097+02:00  INFO 21584 --- [distributedsystem] [main] o.h.e.t.j.p.i.JtaPlatformInitiator       : HHH000489: No JTA platform available (set 'hibernate.transaction.jta.platform' to enable JTA platform integration)
2024-06-13T20:01:35.199+02:00  INFO 21584 --- [distributedsystem] [main] j.LocalContainerEntityManagerFactoryBean : Initialized JPA EntityManagerFactory for persistence unit 'default'
2024-06-13T20:01:36.861+02:00  WARN 21584 --- [distributedsystem] [main] JpaBaseConfiguration$JpaWebConfiguration : spring.jpa.open-in-view is enabled by default. Therefore, database queries may be performed during view rendering. Explicitly configure spring.jpa.open-in-view to disable this warning
2024-06-13T20:01:39.373+02:00  INFO 21584 --- [distributedsystem] [main] o.s.b.a.e.web.EndpointLinksResolver      : Exposing 1 endpoint beneath base path '/actuator'
2024-06-13T20:01:39.617+02:00  INFO 21584 --- [distributedsystem] [main] c.h.d.DistributedsystemApplicationTests  : Started DistributedsystemApplicationTests in 10.116 seconds (process running for 11.649)
2024-06-13T20:01:40.463+02:00  INFO 21584 --- [distributedsystem] [SpringApplicationShutdownHook] j.LocalContainerEntityManagerFactoryBean : Closing JPA EntityManagerFactory for persistence unit 'default'
2024-06-13T20:01:40.471+02:00  INFO 21584 --- [distributedsystem] [SpringApplicationShutdownHook] com.zaxxer.hikari.HikariDataSource       : HikariPool-1 - Shutdown initiated...
2024-06-13T20:01:40.497+02:00  INFO 21584 --- [distributedsystem] [SpringApplicationShutdownHook] com.zaxxer.hikari.HikariDataSource       : HikariPool-1 - Shutdown completed.
2024-06-13T20:02:03.511+02:00  INFO 1480 --- [distributedsystem] [main] c.h.d.DistributedsystemApplicationTests  : Starting DistributedsystemApplicationTests using Java 17.0.11 with PID 1480 (started by Frank in C:\Users\Siret\frank\projects\hs\distributedsystem\distributedsystem)
2024-06-13T20:02:03.511+02:00  INFO 1480 --- [distributedsystem] [main] c.h.d.DistributedsystemApplicationTests  : No active profile set, falling back to 1 default profile: "default"
2024-06-13T20:02:05.259+02:00  INFO 1480 --- [distributedsystem] [main] .s.d.r.c.RepositoryConfigurationDelegate : Bootstrapping Spring Data JPA repositories in DEFAULT mode.
2024-06-13T20:02:05.371+02:00  INFO 1480 --- [distributedsystem] [main] .s.d.r.c.RepositoryConfigurationDelegate : Finished Spring Data repository scanning in 90 ms. Found 2 JPA repository interfaces.
2024-06-13T20:02:06.468+02:00  INFO 1480 --- [distributedsystem] [main] o.hibernate.jpa.internal.util.LogHelper  : HHH000204: Processing PersistenceUnitInfo [name: default]
2024-06-13T20:02:06.595+02:00  INFO 1480 --- [distributedsystem] [main] org.hibernate.Version                    : HHH000412: Hibernate ORM core version 6.5.2.Final
2024-06-13T20:02:06.660+02:00  INFO 1480 --- [distributedsystem] [main] o.h.c.internal.RegionFactoryInitiator    : HHH000026: Second-level cache disabled
2024-06-13T20:02:07.276+02:00  INFO 1480 --- [distributedsystem] [main] o.s.o.j.p.SpringPersistenceUnitInfo      : No LoadTimeWeaver setup: ignoring JPA class transformer
2024-06-13T20:02:07.307+02:00  INFO 1480 --- [distributedsystem] [main] com.zaxxer.hikari.HikariDataSource       : HikariPool-1 - Starting...
2024-06-13T20:02:07.575+02:00  INFO 1480 --- [distributedsystem] [main] com.zaxxer.hikari.pool.HikariPool        : HikariPool-1 - Added connection org.postgresql.jdbc.PgConnection@6b0325d0
2024-06-13T20:02:07.591+02:00  INFO 1480 --- [distributedsystem] [main] com.zaxxer.hikari.HikariDataSource       : HikariPool-1 - Start completed.
2024-06-13T20:02:07.644+02:00  WARN 1480 --- [distributedsystem] [main] org.hibernate.orm.deprecation            : HHH90000025: PostgreSQLDialect does not need to be specified explicitly using 'hibernate.dialect' (remove the property setting and it will be selected by default)
2024-06-13T20:02:08.930+02:00  INFO 1480 --- [distributedsystem] [main] o.h.e.t.j.p.i.JtaPlatformInitiator       : HHH000489: No JTA platform available (set 'hibernate.transaction.jta.platform' to enable JTA platform integration)
2024-06-13T20:02:09.032+02:00  INFO 1480 --- [distributedsystem] [main] j.LocalContainerEntityManagerFactoryBean : Initialized JPA EntityManagerFactory for persistence unit 'default'
2024-06-13T20:02:10.670+02:00  WARN 1480 --- [distributedsystem] [main] JpaBaseConfiguration$JpaWebConfiguration : spring.jpa.open-in-view is enabled by default. Therefore, database queries may be performed during view rendering. Explicitly configure spring.jpa.open-in-view to disable this warning
2024-06-13T20:02:13.277+02:00  INFO 1480 --- [distributedsystem] [main] o.s.b.a.e.web.EndpointLinksResolver      : Exposing 1 endpoint beneath base path '/actuator'
2024-06-13T20:02:13.470+02:00  INFO 1480 --- [distributedsystem] [main] c.h.d.DistributedsystemApplicationTests  : Started DistributedsystemApplicationTests in 10.401 seconds (process running for 11.928)
2024-06-13T20:02:14.296+02:00  INFO 1480 --- [distributedsystem] [SpringApplicationShutdownHook] j.LocalContainerEntityManagerFactoryBean : Closing JPA EntityManagerFactory for persistence unit 'default'
2024-06-13T20:02:14.313+02:00  INFO 1480 --- [distributedsystem] [SpringApplicationShutdownHook] com.zaxxer.hikari.HikariDataSource       : HikariPool-1 - Shutdown initiated...
2024-06-13T20:02:14.321+02:00  INFO 1480 --- [distributedsystem] [SpringApplicationShutdownHook] com.zaxxer.hikari.HikariDataSource       : HikariPool-1 - Shutdown completed.
2024-06-13T20:16:08.300+02:00  INFO 13664 --- [distributedsystem] [main] c.h.d.DistributedsystemApplicationTests  : Starting DistributedsystemApplicationTests using Java 17.0.11 with PID 13664 (started by Frank in C:\Users\Siret\frank\projects\hs\distributedsystem\distributedsystem)
2024-06-13T20:16:08.300+02:00  INFO 13664 --- [distributedsystem] [main] c.h.d.DistributedsystemApplicationTests  : No active profile set, falling back to 1 default profile: "default"
2024-06-13T20:16:09.769+02:00  INFO 13664 --- [distributedsystem] [main] .s.d.r.c.RepositoryConfigurationDelegate : Bootstrapping Spring Data JPA repositories in DEFAULT mode.
2024-06-13T20:16:09.872+02:00  INFO 13664 --- [distributedsystem] [main] .s.d.r.c.RepositoryConfigurationDelegate : Finished Spring Data repository scanning in 87 ms. Found 2 JPA repository interfaces.
2024-06-13T20:16:10.913+02:00  INFO 13664 --- [distributedsystem] [main] o.hibernate.jpa.internal.util.LogHelper  : HHH000204: Processing PersistenceUnitInfo [name: default]
2024-06-13T20:16:11.045+02:00  INFO 13664 --- [distributedsystem] [main] org.hibernate.Version                    : HHH000412: Hibernate ORM core version 6.5.2.Final
2024-06-13T20:16:11.121+02:00  INFO 13664 --- [distributedsystem] [main] o.h.c.internal.RegionFactoryInitiator    : HHH000026: Second-level cache disabled
2024-06-13T20:16:11.753+02:00  INFO 13664 --- [distributedsystem] [main] o.s.o.j.p.SpringPersistenceUnitInfo      : No LoadTimeWeaver setup: ignoring JPA class transformer
2024-06-13T20:16:11.814+02:00  INFO 13664 --- [distributedsystem] [main] com.zaxxer.hikari.HikariDataSource       : HikariPool-1 - Starting...
2024-06-13T20:16:12.112+02:00  INFO 13664 --- [distributedsystem] [main] com.zaxxer.hikari.pool.HikariPool        : HikariPool-1 - Added connection org.postgresql.jdbc.PgConnection@3a9c11fb
2024-06-13T20:16:12.112+02:00  INFO 13664 --- [distributedsystem] [main] com.zaxxer.hikari.HikariDataSource       : HikariPool-1 - Start completed.
2024-06-13T20:16:12.168+02:00  WARN 13664 --- [distributedsystem] [main] org.hibernate.orm.deprecation            : HHH90000025: PostgreSQLDialect does not need to be specified explicitly using 'hibernate.dialect' (remove the property setting and it will be selected by default)
2024-06-13T20:16:13.631+02:00  INFO 13664 --- [distributedsystem] [main] o.h.e.t.j.p.i.JtaPlatformInitiator       : HHH000489: No JTA platform available (set 'hibernate.transaction.jta.platform' to enable JTA platform integration)
2024-06-13T20:16:13.753+02:00  INFO 13664 --- [distributedsystem] [main] j.LocalContainerEntityManagerFactoryBean : Initialized JPA EntityManagerFactory for persistence unit 'default'
2024-06-13T20:16:15.347+02:00  WARN 13664 --- [distributedsystem] [main] JpaBaseConfiguration$JpaWebConfiguration : spring.jpa.open-in-view is enabled by default. Therefore, database queries may be performed during view rendering. Explicitly configure spring.jpa.open-in-view to disable this warning
2024-06-13T20:16:18.527+02:00  INFO 13664 --- [distributedsystem] [main] o.s.b.a.e.web.EndpointLinksResolver      : Exposing 1 endpoint beneath base path '/actuator'
2024-06-13T20:16:18.809+02:00  INFO 13664 --- [distributedsystem] [main] c.h.d.DistributedsystemApplicationTests  : Started DistributedsystemApplicationTests in 10.946 seconds (process running for 12.43)
2024-06-13T20:16:19.833+02:00  INFO 13664 --- [distributedsystem] [SpringApplicationShutdownHook] j.LocalContainerEntityManagerFactoryBean : Closing JPA EntityManagerFactory for persistence unit 'default'
2024-06-13T20:16:19.838+02:00  INFO 13664 --- [distributedsystem] [SpringApplicationShutdownHook] com.zaxxer.hikari.HikariDataSource       : HikariPool-1 - Shutdown initiated...
2024-06-13T20:16:19.858+02:00  INFO 13664 --- [distributedsystem] [SpringApplicationShutdownHook] com.zaxxer.hikari.HikariDataSource       : HikariPool-1 - Shutdown completed.
2024-06-13T20:16:51.975+02:00  INFO 2456 --- [distributedsystem] [main] c.h.d.DistributedsystemApplicationTests  : Starting DistributedsystemApplicationTests using Java 17.0.11 with PID 2456 (started by Frank in C:\Users\Siret\frank\projects\hs\distributedsystem\distributedsystem)
2024-06-13T20:16:51.975+02:00  INFO 2456 --- [distributedsystem] [main] c.h.d.DistributedsystemApplicationTests  : No active profile set, falling back to 1 default profile: "default"
2024-06-13T20:16:53.428+02:00  INFO 2456 --- [distributedsystem] [main] .s.d.r.c.RepositoryConfigurationDelegate : Bootstrapping Spring Data JPA repositories in DEFAULT mode.
2024-06-13T20:16:53.538+02:00  INFO 2456 --- [distributedsystem] [main] .s.d.r.c.RepositoryConfigurationDelegate : Finished Spring Data repository scanning in 89 ms. Found 2 JPA repository interfaces.
2024-06-13T20:16:54.655+02:00  INFO 2456 --- [distributedsystem] [main] o.hibernate.jpa.internal.util.LogHelper  : HHH000204: Processing PersistenceUnitInfo [name: default]
2024-06-13T20:16:54.797+02:00  INFO 2456 --- [distributedsystem] [main] org.hibernate.Version                    : HHH000412: Hibernate ORM core version 6.5.2.Final
2024-06-13T20:16:54.864+02:00  INFO 2456 --- [distributedsystem] [main] o.h.c.internal.RegionFactoryInitiator    : HHH000026: Second-level cache disabled
2024-06-13T20:16:55.509+02:00  INFO 2456 --- [distributedsystem] [main] o.s.o.j.p.SpringPersistenceUnitInfo      : No LoadTimeWeaver setup: ignoring JPA class transformer
2024-06-13T20:16:55.572+02:00  INFO 2456 --- [distributedsystem] [main] com.zaxxer.hikari.HikariDataSource       : HikariPool-1 - Starting...
2024-06-13T20:16:55.830+02:00  INFO 2456 --- [distributedsystem] [main] com.zaxxer.hikari.pool.HikariPool        : HikariPool-1 - Added connection org.postgresql.jdbc.PgConnection@5256fbc
2024-06-13T20:16:55.830+02:00  INFO 2456 --- [distributedsystem] [main] com.zaxxer.hikari.HikariDataSource       : HikariPool-1 - Start completed.
2024-06-13T20:16:55.893+02:00  WARN 2456 --- [distributedsystem] [main] org.hibernate.orm.deprecation            : HHH90000025: PostgreSQLDialect does not need to be specified explicitly using 'hibernate.dialect' (remove the property setting and it will be selected by default)
2024-06-13T20:16:57.214+02:00  INFO 2456 --- [distributedsystem] [main] o.h.e.t.j.p.i.JtaPlatformInitiator       : HHH000489: No JTA platform available (set 'hibernate.transaction.jta.platform' to enable JTA platform integration)
2024-06-13T20:16:57.318+02:00  INFO 2456 --- [distributedsystem] [main] j.LocalContainerEntityManagerFactoryBean : Initialized JPA EntityManagerFactory for persistence unit 'default'
2024-06-13T20:16:58.865+02:00  WARN 2456 --- [distributedsystem] [main] JpaBaseConfiguration$JpaWebConfiguration : spring.jpa.open-in-view is enabled by default. Therefore, database queries may be performed during view rendering. Explicitly configure spring.jpa.open-in-view to disable this warning
2024-06-13T20:17:01.575+02:00  INFO 2456 --- [distributedsystem] [main] o.s.b.a.e.web.EndpointLinksResolver      : Exposing 1 endpoint beneath base path '/actuator'
2024-06-13T20:17:01.868+02:00  INFO 2456 --- [distributedsystem] [main] c.h.d.DistributedsystemApplicationTests  : Started DistributedsystemApplicationTests in 10.379 seconds (process running for 11.863)
2024-06-13T20:17:02.786+02:00  INFO 2456 --- [distributedsystem] [SpringApplicationShutdownHook] j.LocalContainerEntityManagerFactoryBean : Closing JPA EntityManagerFactory for persistence unit 'default'
2024-06-13T20:17:02.793+02:00  INFO 2456 --- [distributedsystem] [SpringApplicationShutdownHook] com.zaxxer.hikari.HikariDataSource       : HikariPool-1 - Shutdown initiated...
2024-06-13T20:17:02.807+02:00  INFO 2456 --- [distributedsystem] [SpringApplicationShutdownHook] com.zaxxer.hikari.HikariDataSource       : HikariPool-1 - Shutdown completed.
